<?xml version="1.0" encoding="UTF-8"?>
<testsuite name="com.example.myapplication.OrdersFilterTest" tests="2" skipped="0" failures="0" errors="0" timestamp="2025-11-21T02:07:57.881Z" hostname="DESKTOP-KDLN56E" time="0.04">
  <properties/>
  <testcase name="filterByStatusAndDate" classname="com.example.myapplication.OrdersFilterTest" time="0.038"/>
  <testcase name="sortByDateDesc" classname="com.example.myapplication.OrdersFilterTest" time="0.002"/>
  <system-out><![CDATA[]]></system-out>
  <system-err><![CDATA[]]></system-err>
</testsuite>
